0 info it worked if it ends with ok
1 verbose cli [ '/usr/local/bin/node',
1 verbose cli   '/Users/jaume/.npm-packages/bin/npm',
1 verbose cli   'run',
1 verbose cli   'dev' ]
2 info using npm@3.7.5
3 info using node@v5.7.0
4 verbose run-script [ 'predev', 'dev', 'postdev' ]
5 info lifecycle berepublic-interview-tests@1.0.0~predev: berepublic-interview-tests@1.0.0
6 silly lifecycle berepublic-interview-tests@1.0.0~predev: no script for predev, continuing
7 info lifecycle berepublic-interview-tests@1.0.0~dev: berepublic-interview-tests@1.0.0
8 verbose lifecycle berepublic-interview-tests@1.0.0~dev: unsafe-perm in lifecycle true
9 verbose lifecycle berepublic-interview-tests@1.0.0~dev: PATH: /Users/jaume/.npm-packages/lib/node_modules/npm/bin/node-gyp-bin:/Users/jaume/workspace/berepublic-interview-tests/jquery/node_modules/.bin:/usr/local/bin:/Users/jaume/.npm-packages/bin:/usr/bin:/bin:/usr/sbin:/sbin:/usr/local/bin
10 verbose lifecycle berepublic-interview-tests@1.0.0~dev: CWD: /Users/jaume/workspace/berepublic-interview-tests/jquery
11 silly lifecycle berepublic-interview-tests@1.0.0~dev: Args: [ '-c', 'gulp' ]
12 silly lifecycle berepublic-interview-tests@1.0.0~dev: Returned: code: 1  signal: null
13 info lifecycle berepublic-interview-tests@1.0.0~dev: Failed to exec dev script
14 verbose stack Error: berepublic-interview-tests@1.0.0 dev: `gulp`
14 verbose stack Exit status 1
14 verbose stack     at EventEmitter.<anonymous> (/Users/jaume/.npm-packages/lib/node_modules/npm/lib/utils/lifecycle.js:239:16)
14 verbose stack     at emitTwo (events.js:100:13)
14 verbose stack     at EventEmitter.emit (events.js:185:7)
14 verbose stack     at ChildProcess.<anonymous> (/Users/jaume/.npm-packages/lib/node_modules/npm/lib/utils/spawn.js:24:14)
14 verbose stack     at emitTwo (events.js:100:13)
14 verbose stack     at ChildProcess.emit (events.js:185:7)
14 verbose stack     at maybeClose (internal/child_process.js:827:16)
14 verbose stack     at Process.ChildProcess._handle.onexit (internal/child_process.js:211:5)
15 verbose pkgid berepublic-interview-tests@1.0.0
16 verbose cwd /Users/jaume/workspace/berepublic-interview-tests/jquery
17 error Darwin 15.3.0
18 error argv "/usr/local/bin/node" "/Users/jaume/.npm-packages/bin/npm" "run" "dev"
19 error node v5.7.0
20 error npm  v3.7.5
21 error code ELIFECYCLE
22 error berepublic-interview-tests@1.0.0 dev: `gulp`
22 error Exit status 1
23 error Failed at the berepublic-interview-tests@1.0.0 dev script 'gulp'.
23 error Make sure you have the latest version of node.js and npm installed.
23 error If you do, this is most likely a problem with the berepublic-interview-tests package,
23 error not with npm itself.
23 error Tell the author that this fails on your system:
23 error     gulp
23 error You can get information on how to open an issue for this project with:
23 error     npm bugs berepublic-interview-tests
23 error Or if that isn't available, you can get their info via:
23 error     npm owner ls berepublic-interview-tests
23 error There is likely additional logging output above.
24 verbose exit [ 1, true ]
